
---------------------------------------------------
file_name = Plane_Mesh.inp
Start at    Tue Apr 28 16:39:17 2026

elset_name              = all_available
domain_optimized        = True
domain_density          = [1e-06, 1]
domain_thickness        = [1.0, 1.0]
domain_offset           = 0.0
domain_orientation      = []
domain_FI               = [[('stress_von_Mises', 450000000.0)], [('stress_von_Mises', 450.0)]]
domain_material         = ['*ELASTIC \n210000e-6,  0.3', '*ELASTIC \n210000,  0.3']
domain_same_state       = False

mass_goal_ratio         = 0.4
continue_from           = 
filter_list             = [['simple', 'auto']]
optimization_base       = stiffness
cpu_cores               = 24
FI_violated_tolerance   = 1
decay_coefficient       = -0.2
shells_as_composite     = False
reference_points        = integration points
reference_value         = max
mass_addition_ratio     = 0.015
mass_removal_ratio      = 0.03
ratio_type              = relative
compensate_state_filter = True
sensitivity_averaging   = False
steps_superposition     = []
iterations_limit        = auto
tolerance               = 0.001
displacement_graph      = []
save_iteration_results  = 1
save_solver_files       = 
save_resulting_format   = inp vtk


ERROR: CalculiX input file .\Plane_Mesh.inp not found. Check your inputs.
