
---------------------------------------------------
file_name = Analysis-beso.inp
Start at    Sun May 10 03:47:34 2026

elset_name              = design_space
domain_optimized        = True
domain_density          = [7.833e-12, 7.833e-06]
domain_thickness        = [1.0, 1.0]
domain_offset           = 0.0
domain_orientation      = []
domain_FI               = [[('stress_von_Mises', 1000000000.0)], [('stress_von_Mises', 1000.0)]]
domain_material         = ['*ELASTIC \n200000e-6,  0.27', '*ELASTIC \n200000,  0.27']
domain_same_state       = False

elset_name              = nondesign_space
domain_optimized        = False
domain_density          = [7.833e-12, 7.833e-06]
domain_thickness        = [1.0, 1.0]
domain_offset           = 0.0
domain_orientation      = []
domain_FI               = [[('stress_von_Mises', 1000000000.0)], [('stress_von_Mises', 1000.0)]]
domain_material         = ['*ELASTIC \n200000e-6,  0.27', '*ELASTIC \n200000,  0.27']
domain_same_state       = False

mass_goal_ratio         = 0.15
continue_from           = 
filter_list             = [['simple', 'auto']]
optimization_base       = stiffness
cpu_cores               = 24
FI_violated_tolerance   = 1
decay_coefficient       = -0.2
shells_as_composite     = False
reference_points        = integration points
reference_value         = max
mass_addition_ratio     = 0.04
mass_removal_ratio      = 0.08
ratio_type              = relative
compensate_state_filter = True
sensitivity_averaging   = False
steps_superposition     = []
iterations_limit        = 45
tolerance               = 0.001
displacement_graph      = []
save_iteration_results  = 1
save_solver_files       = 
save_resulting_format   = inp vtk

domains: 2
nodes  : 1372
TRIA3  : 0
TRIA6  : 0
QUAD4  : 0
QUAD8  : 0
TETRA4 : 4472
TETRA10: 0
HEXA8  : 0
HEXA20 : 0
PENTA6 : 0
PENTA15: 0
Filtered average element size is 3401.3777708839493, filter range set automatically to 6802.755541767899
domain order: 
0) design_space
1) nondesign_space

   i              mass    ener_dens_mean FI_violated_0)   1) all)          FI_mean    _without_state0         FI_max_0)                1)              all)
   0 209400295.16717637  4.359564678639439e-10            0    0    0 4.782291553994331e-06 4.782291553994331e-06 0.00032743946041329793 0.0007012889670125437 0.0007012889670125437

---------------------------------------------------
file_name = Analysis-beso.inp
Start at    Sun May 10 03:47:43 2026

elset_name              = design_space
domain_optimized        = True
domain_density          = [7.833e-12, 7.833e-06]
domain_thickness        = [1.0, 1.0]
domain_offset           = 0.0
domain_orientation      = []
domain_FI               = [[('stress_von_Mises', 1000000000.0)], [('stress_von_Mises', 1000.0)]]
domain_material         = ['*ELASTIC \n200000e-6,  0.27', '*ELASTIC \n200000,  0.27']
domain_same_state       = False

elset_name              = nondesign_space
domain_optimized        = False
domain_density          = [7.833e-12, 7.833e-06]
domain_thickness        = [1.0, 1.0]
domain_offset           = 0.0
domain_orientation      = []
domain_FI               = [[('stress_von_Mises', 1000000000.0)], [('stress_von_Mises', 1000.0)]]
domain_material         = ['*ELASTIC \n200000e-6,  0.27', '*ELASTIC \n200000,  0.27']
domain_same_state       = False

mass_goal_ratio         = 0.15
continue_from           = 
filter_list             = [['simple', 'auto']]
optimization_base       = stiffness
cpu_cores               = 24
FI_violated_tolerance   = 1
decay_coefficient       = -0.2
shells_as_composite     = False
reference_points        = integration points
reference_value         = max
mass_addition_ratio     = 0.04
mass_removal_ratio      = 0.08
ratio_type              = relative
compensate_state_filter = True
sensitivity_averaging   = False
steps_superposition     = []
iterations_limit        = 45
tolerance               = 0.001
displacement_graph      = []
save_iteration_results  = 1
save_solver_files       = 
save_resulting_format   = inp vtk

domains: 2
nodes  : 1372
TRIA3  : 0
TRIA6  : 0
QUAD4  : 0
QUAD8  : 0
TETRA4 : 4472
TETRA10: 0
HEXA8  : 0
HEXA20 : 0
PENTA6 : 0
PENTA15: 0
Filtered average element size is 3401.3777708839493, filter range set automatically to 6802.755541767899
domain order: 
0) design_space
1) nondesign_space

   i              mass    ener_dens_mean FI_violated_0)   1) all)          FI_mean    _without_state0         FI_max_0)                1)              all)
   0 209400295.16717637  4.359564678639439e-10            0    0    0 4.782291553994331e-06 4.782291553994331e-06 0.00032743946041329793 0.0007012889670125437 0.0007012889670125437
   1 192536036.3933603  4.743306741637686e-10            0    0    0 5.163743976236309e-06 5.163744428529862e-06 0.0003274527390600422 0.000701290562830332 0.000701290562830332
   2 184602906.66594052  4.948966060778978e-10            0    0    0 5.363113448177023e-06 5.3631141685955735e-06 0.0003274692500044706 0.0007012897681291954 0.0007012897681291954
   3 177247048.7303129  5.156870105848354e-10            0    0    0 5.5622179216306355e-06 5.56221893063798e-06 0.00032748510490029226 0.0007012951559081483 0.0007012951559081483
   4 170146280.85256794  5.375134904986586e-10            0    0    0 5.77125638574336e-06 5.771257717216831e-06 0.0003275105277512916 0.0007012941522524814 0.0007012941522524814
   5 163423132.39232582  5.601168560176151e-10            0    0    0 5.987473787300143e-06 5.987475471807126e-06 0.0003275328980300144 0.0007012981282511259 0.0007012981282511259
   6 157105717.07782018  5.831395549893927e-10            0    0    0 6.205472902307041e-06 6.20547496787808e-06 0.00032756313606422744 0.0007013061597499973 0.0007013061597499973
   7  150945263.957266  6.076178324273631e-10            0    0    0 6.4320848381021616e-06 6.432087328993441e-06 0.00032756349735516514 0.0007013123944681138 0.0007013123944681138
   8 144690657.57132384  6.346554314630169e-10            0    0    0 6.681839729319444e-06 6.68184271762608e-06 0.0003275503445555223 0.0007013151823500643 0.0007013151823500643
   9 138920105.01993927  6.618794991717101e-10            0    0    0 6.925325035980194e-06 6.925328549503017e-06 0.000327520428566689 0.0007013338634203853 0.0007013338634203853
  10 133241904.97316043  6.912896322857471e-10            0    0    0 7.188426579926096e-06 7.188430688692445e-06 0.0003275014322414681 0.0007013248859423563 0.0007013248859423563
  11 127757366.17080551  7.224604991147616e-10            0    0    0 7.475205332287625e-06 7.475210109301075e-06 0.00032741776715061786 0.0007013449288228956 0.0007013449288228956
  12 122897235.88653818  7.52305535309522e-10            0    0    0 7.738001592334298e-06 7.738007038851833e-06 0.00032737510610799997 0.000701323806981332 0.000701323806981332
  13 118111481.83744845  7.845490327697014e-10            0    0    0 8.023573015693144e-06 8.02357921715422e-06 0.0003273410295771988 0.0007013375294787809 0.0007013375294787809
  14 113776647.61233857  8.159447570507762e-10            0    0    0 8.307760939657485e-06 8.30776792193269e-06 0.00032733697137403374 0.0007013473744760985 0.0007013473744760985
  15 109265170.80394119  8.518419274451081e-10            0    0    0 8.628344713286574e-06 8.628352620673891e-06 0.0003272312958838851 0.0007013631663806788 0.0007013631663806788
  16 104970816.93592918  8.893409474148169e-10            0    0    0 8.95992264887022e-06 8.959931562603964e-06 0.0003272719862538231 0.0007014040156610842 0.0007014040156610842
  17 100632935.4009618  9.302444862879965e-10            0    0    0 9.32690918656135e-06 9.326919267410062e-06 0.00032727080330201795 0.0007014235244886211 0.0007014235244886211
  18 96808607.32875095  9.700357548599588e-10            0    0    0 9.66698851004147e-06 9.6669997531007e-06 0.0003272139388549095 0.0007014476304031091 0.0007014476304031091
  19 93068599.89801025  1.012704635914589e-09            0    0    0 1.0029997194435236e-05 1.0030009731522961e-05 0.00032716606888116113 0.0007014441773674999 0.0007014441773674999
  20 89412044.26387718  1.057655151392761e-09            0    0    0 1.0408048449116554e-05 1.0408062416434533e-05 0.00032714325753444706 0.0007014285182254713 0.0007014285182254713
  21 85608229.61006199  1.1092709950659644e-09            0    0    0 1.0833247368454455e-05 1.083326303369312e-05 0.00032708861021127697 0.0007014679029127273 0.0007014679029127273
  22 82121490.90859535  1.1625815589559592e-09            0    0    0 1.1298049952897976e-05 1.1298067463612133e-05 0.00032689393235340057 0.0007015361440766005 0.0007015361440766005
  23 78714278.36551365  1.2168360255298672e-09            0    0    0 1.1722642668196196e-05 1.17226621308602e-05 0.0003267019301606982 0.0007015782963336278 0.0007015782963336278
  24 75529589.84505878  1.2749968053574928e-09            0    0    0 1.221868298472951e-05 1.221870464151656e-05 0.0003266370933640601 0.0007015712597411628 0.0007015712597411628
  25 72529244.88086969  1.3346055638877947e-09            0    0    0 1.2701186401207348e-05 1.2701210369880188e-05 0.00032654692704628017 0.0007016153756267955 0.0007016153756267955
  26 69820624.16622017  1.3949231562027438e-09            0    0    0 1.3193612654737694e-05 1.3193639030406191e-05 0.00032647564418995665 0.0007016605131397859 0.0007016605131397859
  27 66955580.65773794  1.4645857457033905e-09            0    0    0 1.37460052622513e-05 1.3746034506294876e-05 0.00032642893362573426 0.0007016962676815442 0.0007016962676815442
  28 64302122.02354246  1.5371361229710926e-09            0    0    0 1.434653547887709e-05 1.4346567852036832e-05 0.0003262972658735187 0.0007017416952958876 0.0007017416952958876
  29 61640101.37514981  1.6112541284334932e-09            0    0    0 1.4860505338536887e-05 1.4860540961427807e-05 0.00032619110209639593 0.0007016933894509484 0.0007016933894509484
  30 59236620.996862486  1.6861288746062348e-09            0    0    0 1.5458080058630183e-05 1.5458119244698913e-05 0.0003261951074885655 0.0007016904397637176 0.0007016904397637176
  31 56804123.87518377  1.7764859030689566e-09            0    0    0 1.6106957864053396e-05 1.6107001133256287e-05 0.00032564710013606186 0.0007016479925667156 0.0007016479925667156
  32 54671525.95562446  1.8563561690322966e-09            0    0    0 1.670179195338132e-05 1.6701839222184684e-05 0.0003254848664978366 0.0007016961081869905 0.0007016961081869905
  33 52372928.160332754  1.9597645926066924e-09            0    0    0 1.7473967778691187e-05 1.7474020170303008e-05 0.0003252713906104918 0.0007016458906198569 0.0007016458906198569
  34 50200023.07061154  2.0618479314023966e-09            0    0    0 1.8214393371557213e-05 1.8214451135444535e-05 0.0003243365347259857 0.0007017308913544942 0.0007017308913544942
  35 48168477.10951236  2.178451721556828e-09            0    0    0 1.9022151498489303e-05 1.9022215170616508e-05 0.0003241571490882247 0.0007017885952925936 0.0007017885952925936
  36 46281653.24001904  2.30164747612837e-09            0    0    0 1.9861996949197104e-05 1.9862066952673634e-05 0.0003234122643910714 0.0007020361081410433 0.0007020361081410433
  37 44486069.413704276  2.4109428362516945e-09            0    0    0 2.0581058283391014e-05 2.0581134579753305e-05 0.00032316788381911275 0.0007020527752695357 0.0007020527752695357
  38 42824972.17086756  2.5541407033080866e-09            0    0    0 2.1585646574796942e-05 2.1585730536407447e-05 0.00032332052830411626 0.0007022025927496961 0.0007022025927496961
  39 41201431.16006975  2.6895213002895004e-09            0    0    0 2.2456260953887896e-05 2.245635262878061e-05 0.00032374451230198284 0.0007025201187259208 0.0007025201187259208
  40  39645780.0139345  2.853021630660071e-09            0    0    0 2.3519267963943006e-05 2.3519368668810374e-05 0.00032275084565842963 0.0007025245138573418 0.0007025245138573418
  41 38068396.17181622  3.0312404254811988e-09            0    0    0 2.456399234940253e-05 2.4564102903537495e-05 0.0003225073156879873 0.0007028966036654112 0.0007028966036654112
  42 36539003.94058847  3.2258419643883443e-09            0    0    0 2.5602900082012703e-05 2.5603021206708338e-05 0.0003216873481811824 0.0007027932272040861 0.0007027932272040861
  43 35160400.683559954  3.5678692063895973e-09            0    0    0 2.760313193075931e-05 2.760326872087963e-05 0.00032179315486035475 0.0007029208216931337 0.0007029208216931337
  44 33811344.180731915  3.788227774445066e-09            0    0    0 2.8725774345728665e-05 2.8725923525240565e-05 0.0003217003053069164 0.0007026356370800858 0.0007026356370800858
  45 32789104.67750325  3.982257015714473e-09            0    0    0 2.9722145533719493e-05 2.9722305626441816e-05 0.0003244366027689171 0.0007034012689382662 0.0007034012689382662

Finished at  Sun May 10 03:48:17 2026
Total time   0 h 0 min 34 s

