
---------------------------------------------------
file_name = D:\python_project\beso_ai\runs\585dea9e8dd946ce8460a97376ab3160\Plane_mesh.inp
Start at    Tue Apr 28 19:42:02 2026

elset_name              = SolidMaterialElementGeometry2D
domain_optimized        = True
domain_density          = [1e-06, 1]
domain_thickness        = [1.0, 1.0]
domain_offset           = 0.0
domain_orientation      = []
domain_FI               = [[('stress_von_Mises', 450000000.0)], [('stress_von_Mises', 450.0)]]
domain_material         = ['*ELASTIC \n210000e-6,  0.3', '*ELASTIC \n210000,  0.3']
domain_same_state       = False

mass_goal_ratio         = 0.4
continue_from           = 
filter_list             = [['simple', 2.0]]
optimization_base       = stiffness
cpu_cores               = 24
FI_violated_tolerance   = 1
decay_coefficient       = -0.2
shells_as_composite     = False
reference_points        = integration points
reference_value         = max
mass_addition_ratio     = 0.01
mass_removal_ratio      = 0.03
ratio_type              = relative
compensate_state_filter = False
sensitivity_averaging   = False
steps_superposition     = []
iterations_limit        = auto
tolerance               = 0.001
displacement_graph      = []
save_iteration_results  = 10
save_solver_files       = 
save_resulting_format   = inp vtk

domains: 1
nodes  : 3131
TRIA3  : 0
TRIA6  : 0
QUAD4  : 3000
QUAD8  : 0
TETRA4 : 0
TETRA10: 0
HEXA8  : 0
HEXA20 : 0
PENTA6 : 0
PENTA15: 0

iterations_limit        = 71

domain order: 
0) SolidMaterialElementGeometry2D

   i              mass    ener_dens_mean FI_violated_0)          FI_mean    _without_state0         FI_max_0)
   0 2999.999999999999  0.0013411084781757695            0 0.044862498135823846 0.044862498135823846 0.5226172995188745
   1 2909.0000909999885  0.0013852545649543696            0 0.046226236371211954 0.04622623781727143 0.5226107057070486
   2 2851.000148999994  0.0014206661207345284            0 0.04727640035239309 0.04727640282316945 0.5226100078792666
   3 2794.000205999992  0.0014635170776662527            0 0.04838528166223716 0.04838528522965585 0.5226206646484001
   4 2738.000261999992  0.0014943991263266427            0 0.04927752031905382 0.049277525034433715 0.5226217587994287
   5 2683.0003169999973  0.0015608124921439068            0 0.0508508245598526 0.05085083056794477 0.5226242592885245
   6 2629.0003709998696  0.0015859408939136873            0 0.05159437486995467 0.051594382150864745 0.5226372887510716
   7  2577.00042299918  0.00163061382550867            0 0.05275120960950762 0.05275121826832062 0.522641479831699
   8 2525.000474997109  0.0016749158408167703            0 0.053825983598904864 0.05382599372458471 0.5226087473809807
   9 2475.000524994946  0.0017439574522122767            0 0.055158926367005916 0.055158938067384033 0.522674172683057
  10 2425.000574994191  0.001774778545664279            0 0.056097029766830266 0.05609704306818755 0.5226448690606742
  11 2377.000622993435  0.0018267744520552962            0 0.05720738575969864 0.057207400753472616 0.5226604584700381
  12 2329.000670961637  0.0018801969906832145            0 0.05836361639001426 0.05836363320495041 0.5226371682631245
  13 2283.000716961206  0.001935802781559773            0 0.05948427295832261 0.05948429163997993 0.5226592911390797
  14 2237.0007629598285  0.0020088660822852595            0 0.060910104851268534 0.06091012562659716 0.5226434198549279
  15 2192.000807945578  0.0020631382018416722            0 0.062072752172141754 0.062072775052973934 0.5226387188505839
  16 2148.0008514833694  0.002127664872599812            0 0.06332364363929652 0.0633236687564965 0.5226366746410621
  17 2105.000894473821  0.0022013265534726926            0 0.06462016527936411 0.06462019275444726 0.5226355965625765
  18 2063.000936457266  0.0022684683645948465            0 0.06581821694261664 0.06581824683678643 0.5226409307682895
  19 2022.000977472948  0.0023641756457204533            0 0.0673114722553045 0.06731150481248765 0.5226404270193256
  20 1982.0010156752717  0.0024188724399905135            0 0.06829915531737318 0.06829919039736594 0.522640318547325
  21 1942.001055293417  0.002499292078854488            0 0.0697722111757955 0.06977224918764172 0.5226479189943513
  22 1903.0010943313205  0.002614109814157573            0 0.07122635789210131 0.07122639895112438 0.5226514023354024
  23 1865.0011319674488  0.002768352617079983            0 0.07287264903496653 0.07287269338374032 0.5226553146975272
  24 1828.0011687669794  0.002885591235857355            0 0.07432377053429894 0.07432381818608563 0.5226659666830937
  25 1792.0012047669836  0.0029289851002812393            0 0.07560966593068245 0.07560971689970246 0.522705809755111
  26 1756.0012407669865  0.0030142796646451253            0 0.07724565140269415 0.07724570612569992 0.5228007406960141
  27 1721.0012757669872  0.0033380155588683923            0 0.08050593155749877 0.08050599138730383 0.522689636768247
  28 1687.0013097669864  0.0033023467741123544            0 0.08102933156223487 0.08102939462774783 0.522860435081453
  29 1653.0013437669893  0.0033817516904051073            0 0.08256078235172017 0.0825608496290234 0.5229651971129374
  30 1620.001376510183  0.003478514462112145            0 0.08400519855052613 0.08400527011051545 0.522921661114461
  31 1588.0013861088457  0.003592183809837256            0 0.08549000129760037 0.08549007731264707 0.5229285768361236
  32 1556.0014181088477  0.0037322628638551277            0 0.08738321670813883 0.08738329780156927 0.5229799119449008
  33 1525.0014491088498  0.0038650262100484297            0 0.0890368475450597 0.08903693366267514 0.522913205358577
  34 1495.0014791088502  0.0040162956898422315            0 0.09078632922459176 0.09078642061819663 0.522920338898869
  35 1465.001356732895  0.004127174480227703            0 0.09212685281148192 0.09212694934032953 0.5229176785559735
  36 1436.0013857328233  0.004315307021907777            0 0.09402858502100148 0.09402868743099532 0.5230265030111854
  37 1407.001414732822  0.004425839661251863            0 0.09561157333872118 0.09561168158981001 0.5230106857365753
  38 1379.0014427328208  0.004586681050454228            0 0.09721494149838864 0.09721505577356429 0.5229673957764449
  39 1351.0014707328216  0.00476273815928945            0 0.09950882248586544 0.0995089439441166 0.522907337411316
  40 1324.0014977328215  0.004947276700537082            0 0.10168201240920434 0.10168214112453948 0.5229636383989498
  41 1298.0014978575327  0.005137896680666491            0 0.10348587564968206 0.10348601134538218 0.522943640384088
  42 1272.0011122848023  0.005344911148814902            0 0.10557803200837329 0.10557817543526173 0.5228895348461791
  43 1246.001138284798  0.00556819017488634            0 0.10765375067101424 0.10765390221583562 0.5229045597869587
  44 1221.0011632847945  0.005795336145619523            0 0.1105034377839307 0.11050359878785537 0.5228938964088629
  45 1199.001185284785  0.006053940081622195            0 0.11247515089127429 0.11247531983867057 0.522901858601807
  46 1199.001185284776  0.005963773212607705            0 0.112230255493423 0.11223042407296441 0.5229004317870013
  47 1199.0011852847747  0.005966212470861137            0 0.11210058661427501 0.11210075499904243 0.5229190600821564
  48 1199.0011852847758  0.00592218549427456            0 0.11181221516342056 0.11181238311502925 0.522896170057174
  49 1199.0011852847747  0.005947998843701109            0 0.11187249066537332 0.11187265870752092 0.5229098718124313
  50 1199.0011852847756  0.005950344720565712            0 0.1118955721865741 0.11189574026339223 0.5228840137816129
  51 1199.0011852847742  0.00589543888395353            0 0.11142558725687862 0.11142575462773864 0.5229004885475714
  52 1199.0011852847751  0.00589879068901197            0 0.1113936248359514 0.1113937921588012 0.5228979194326896
  53 1199.0011852847751  0.005885549402021488            0 0.11120689336473764 0.11120706040710063 0.5229112893833164
  54 1199.0011852847751  0.005889336398137613            0 0.11128908369243878 0.11128925085825873 0.5228900268604467
  55 1199.0011852847751  0.005886125292008669            0 0.11125663092959562 0.11125679804666871 0.5229053177624384
  56 1199.0011852847751  0.0058880762990368455            0 0.1113012033593912 0.11130137054341595 0.5228881777752845
  57 1199.0011852847751  0.005884657208450821            0 0.11126136153306654 0.11126152865724542 0.5229038243055211
  58 1199.0011852847756  0.005883190559558923            0 0.1112381660871548 0.11123833317649216 0.5228917528926694

Finished at  Tue Apr 28 19:46:09 2026
Total time   0 h 4 min 6 s

