
---------------------------------------------------
file_name = D:\python_project\beso_ai\runs\fda7cc2f08a045c387cdee9956ce3e48\Plane_mesh.inp
Start at    Tue Apr 28 17:36:04 2026

elset_name              = SolidMaterialElementGeometry2D
domain_optimized        = True
domain_density          = [1e-06, 1]
domain_thickness        = [1.0, 1.0]
domain_offset           = 0.0
domain_orientation      = []
domain_FI               = [[('stress_von_Mises', 450000000.0)], [('stress_von_Mises', 450.0)]]
domain_material         = ['*ELASTIC \n210000e-6,  0.3', '*ELASTIC \n210000,  0.3']
domain_same_state       = False

mass_goal_ratio         = 0.4
continue_from           = 
filter_list             = [['simple', 2.0]]
optimization_base       = failure_index
cpu_cores               = 24
FI_violated_tolerance   = 1
decay_coefficient       = -0.2
shells_as_composite     = False
reference_points        = integration points
reference_value         = max
mass_addition_ratio     = 0.01
mass_removal_ratio      = 0.03
ratio_type              = relative
compensate_state_filter = False
sensitivity_averaging   = False
steps_superposition     = []
iterations_limit        = auto
tolerance               = 0.001
displacement_graph      = []
save_iteration_results  = 10
save_solver_files       = 
save_resulting_format   = inp vtk

domains: 1
nodes  : 3131
TRIA3  : 0
TRIA6  : 0
QUAD4  : 3000
QUAD8  : 0
TETRA4 : 0
TETRA10: 0
HEXA8  : 0
HEXA20 : 0
PENTA6 : 0
PENTA15: 0

iterations_limit        = 71

domain order: 
0) SolidMaterialElementGeometry2D

   i              mass FI_violated_0)          FI_mean    _without_state0         FI_max_0)
   0 2999.999999999999             0 0.044862498135823846 0.044862498135823846 0.5226172995188745
   1 2909.0000909999885             0 0.04622684864476714 0.046226850090845775 0.5226102173354472
   2 2851.000148999994             0 0.047220683158461195 0.04722068562632565 0.5226154059077289
   3 2794.0002059999965             0 0.04823257700010629 0.04823258055626618 0.5226045268223042
   4 2738.0002619999964             0 0.049294410145156606 0.049294414862152705 0.5226025600417359
   5 2683.0003169999936             0 0.05044205191852072 0.050442057878315794 0.5226116833189337
   6 2629.0003709999537             0 0.05146139617190628 0.05146140343405067 0.5226296498518871
   7 2577.0004229997876             0 0.05259711990969958 0.05259712854321976 0.5226541945965236
   8 2525.000474998985             0 0.0536791243955133 0.05367913449356629 0.5226432439478826
   9 2475.0005249987244             0 0.05495190100364701 0.05495191266011075 0.5226487427826606
  10 2425.0005749983916             0 0.05606134715037454 0.056061360443271084 0.522650907373124
  11  2377.00062299507             0 0.05726406843442465 0.05726408344305494 0.5226493693255551
  12  2329.00067098768             0 0.05840935376466671 0.05840937059277997 0.5226276433210706
  13  2283.00071697679             0 0.05966566078491153 0.059665679523535534 0.5226448238055198
  14 2237.0007628410767             0  0.06080272716807 0.060802747906774014 0.5226113459603435
  15 2192.000807701116             0 0.06207720741426851 0.06207723029674297 0.5226267688677777
  16  2148.00085160344             0 0.06329248698590734  0.063292512090749 0.5226152542503155
  17 2105.000894251025             0 0.06443229560162123 0.06443232299682614 0.5226131647889555
  18 2063.0009362582455             0 0.06569869127002001 0.06569872110990206 0.5226381591703788
  19 2022.0009772516248             0 0.06708371281844513 0.06708374526546566 0.5226171985985518
  20 1982.0010172504947             0 0.068421111036456 0.06842114617908779 0.5226461151851923
  21 1942.0010548133223             0 0.06960604098181224 0.06960607890312896 0.5226422614904853
  22 1903.0010937843558             0 0.07105229548239811 0.0710523364410813 0.5226424917385564
  23 1865.0011317819508             0 0.07241801255011339 0.07241805662220492 0.5226415016558131
  24 1828.001168775177             0 0.07409766026165307 0.07409770776847181 0.5226417271682828
  25 1792.001204775105             0 0.07562127194354576 0.07562132292038938 0.5226514189423337
  26 1756.0012405703826             0 0.07791551383575954 0.07791556903331474 0.5225211039081504
  27 1721.001274494886             0 0.07872954430091188 0.07872960281055472 0.5226742524504926
  28 1687.0012871344193             0 0.08029249880331682 0.08029256129535146 0.5227299898732591
  29 1653.001321119986             0 0.08147534027709019 0.08147540666988838 0.5227010090976804
  30 1620.0013541196472             0 0.0831630142256184 0.0831630850681938 0.5227528733771736
  31 1588.0013803907307             0 0.08477987037949411 0.08477994576311555 0.5227562916738163
  32 1556.0013311574546             0 0.08640852258949519 0.08640860277839911 0.522755381556421
  33 1525.0012967434789             0 0.08794831812752067 0.08794840319231374 0.522762999547339
  34 1495.0013267419629             0 0.09089065369863986 0.09089074519728611 0.5227769220523668
  35 1465.0013567409007             0 0.09574294573957699 0.09574304605730191 0.5229157501164179
  36 1436.0013857409015             0 0.0960958317114221 0.09609593637293118 0.5229246092313865
  37 1407.0014147409026             0 0.09765936794707512 0.09765947851667071 0.5229331174530865
  38   1379.0014427409             0 0.09822933498509678 0.09822945045268248 0.522979460440563
  39 1351.0014707408022             0 0.10014002673187788 0.1001401489605634 0.5230658236973559
  40 1324.001487152343             0 0.10213168360094509 0.10213181288550396 0.5231073433549059
  41 1298.0011866453292             0 0.10368247766276258 0.10368261361631495 0.5231024509018191
  42 1272.0011122925869             0 0.10656755434063991 0.10656769911178701 0.5230919312677458
  43 1246.0011382916496             0 0.11000302244289684 0.11000317729480241 0.5620773585577569
  44 1220.998929583525             0 0.11945843410363434 0.11945860815555961 0.7709609602192894
  45 1199.9989505762912             0 0.11901161054371308 0.11901178906184279 0.6866587498428735
  46 1199.9989505762862             0 0.11697480371761869 0.11697497918052545 0.6585698541340759
  47 1199.998950576286             0 0.11606203205323856 0.11606220614698233 0.6249478886829377
  48 1199.998950579054             0 0.1154644236777464 0.11546459687507411 0.5987809792777022
  49  1199.99895057905             0 0.1149247989607209 0.11492497134860821 0.5808618830475277
  50  1199.99895057905             0 0.11471552683216434 0.11471569890614221 0.5716432473342659
  51  1199.99895057905             0 0.11452456283786305 0.1145247346253938 0.5660144649223268
  52 1199.9989505790475             0 0.11434151131992644 0.11434168283287856 0.5637918607427842
  53 1199.998950579048             0 0.1139183521825349 0.11391852306074582 0.5636794818312147
  54 1199.9989505790475             0 0.11381478111805317 0.11381495184090683 0.5591085480354966
  55 1199.998950579047             0 0.11370261781988553 0.11370278837449353 0.5572256907238167
  56 1199.998950579047             0 0.11365372279534883 0.11365389327661399 0.5546918091591871
  57 1199.998950579047             0 0.11358372408698052 0.11358389446324721 0.5527785504358631
  58 1199.9989505790459             0 0.11352126378727498 0.11352143406985073 0.5503889232938147
  59 1199.998950579047             0 0.11348610160696994 0.11348627183680232 0.5487955402189335
  60 1199.998950579047             0 0.11342668918343934 0.11342685932415274 0.5484905529599952
  61 1199.9989505790463             0 0.11340697739269347  0.113407147503839 0.5460609689668223
  62 1199.9989505790459             0 0.11336884043170822 0.11336901048564804 0.5448227123890012
  63 1199.9989505790447             0 0.1133373189709781 0.11333748897763542 0.5434705745528773
  64 1199.9989505790447             0 0.11328999718905891 0.11329016712473326 0.5436204633904439
  65 1199.9989505790443             0 0.11313774802760782 0.11313791773490749 0.5431226829804265
  66 1199.9989505790443             0 0.11313025874880686 0.11313042844487256 0.5429482200684328
  67 1199.9989505790447             0 0.11309236347207498 0.11309253311129758 0.5422073489041781
  68 1199.9989505790443             0 0.1130615786615875 0.11306174825463267 0.5405239081896824
  69 1199.9989505790443             0 0.11304422441016056 0.11304439397717424 0.5417795894255105
  70 1199.998950579044             0 0.1130132950164734 0.1130134645370928 0.5405329706806292
  71 1199.998950579044             0 0.1130545004981619 0.11305467008058975 0.5384417377304195

Finished at  Tue Apr 28 17:40:59 2026
Total time   0 h 4 min 55 s

