
---------------------------------------------------
file_name = FEMMeshGmsh.inp
Start at    Tue Jan  9 18:18:00 2018

elset_name              = SolidMaterial001Solid
domain_optimized        = True
domain_density          = [4.43e-09, 0.00443]
domain_thickness        = [1.0, 1.0]
domain_offset           = 0.0
domain_orientation      = []
domain_FI               = [[('stress_von_Mises', 903200000.0)], [('stress_von_Mises', 903.2)]]
domain_material         = ['*ELASTIC \n114000e-6,  0.3', '*ELASTIC \n114000,  0.3']
domain_same_state       = False

elset_name              = SolidMaterialSolid
domain_optimized        = False
domain_density          = [4.43e-09, 0.00443]
domain_thickness        = []
domain_offset           = 0.0
domain_orientation      = []
domain_FI               = [[('stress_von_Mises', 903200000.0)], [('stress_von_Mises', 903.2)]]
domain_material         = ['*ELASTIC \n114000e-6,  0.3', '*ELASTIC \n114000,  0.3']
domain_same_state       = False

mass_goal_ratio         = 0.1
continue_from           = 
filter_list             = [['simple', 4]]
optimization_base       = failure_index
cpu_cores               = 4
FI_violated_tolerance   = 1
decay_coefficient       = -0.2
shells_as_composite     = False
reference_points        = integration points
reference_value         = max
mass_addition_ratio     = 0.03
mass_removal_ratio      = 0.06
ratio_type              = relative
compensate_state_filter = True
sensitivity_averaging   = False
steps_superposition     = []
iterations_limit        = auto
tolerance               = 0.001
save_iteration_results  = 1
save_solver_files       = 
save_resulting_format   = inp vtk

domains: 2
nodes  : 53900
TRIA3  : 0
TRIA6  : 0
QUAD4  : 0
QUAD8  : 0
TETRA4 : 266382
TETRA10: 0
HEXA8  : 0
HEXA20 : 0
PENTA6 : 0
PENTA15: 0

iterations_limit        = 101

domain order: 
0) SolidMaterial001Solid
1) SolidMaterialSolid

   i              mass FI_violated_0)   1) all)          FI_mean    _without_state0         FI_max_0)                1)              all)
   0     2034.94816184             0    0    0   0.0373979197555    0.0373979197555    0.502891910686    0.746634870909    0.746634870909
   1     1912.84358017             0    0    0   0.0395776789566     0.039577681483    0.502463758197    0.746056798599    0.746056798599
   2     1855.46108468             0    0    0    0.040591544347    0.0405915482736    0.502439675078    0.746071993248    0.746071993248
   3     1799.79208786             0    0    0   0.0416313538966    0.0416313593361    0.502478170876    0.746079477195    0.746079477195
   4     1745.79982184             0    0    0   0.0427067831573    0.0427067902306    0.502515790331    0.746291077577    0.746291077577
   5     1693.42504837             0    0    0   0.0438306032655    0.0438306121051    0.502272378488    0.745901602335    0.745901602335
   6     1642.61685643             0    0    0   0.0449693597102     0.044969370451    0.502014676075    0.745582463128    0.745582463128
   7     1593.33387031             0    0    0   0.0461554768219    0.0461554896145    0.501925902325    0.745502660401    0.745502660401
   8     1545.53098358             0    0    0   0.0473834256322     0.047383440637    0.501827873171    0.745324110133    0.745324110133
   9     1499.15464876             0    0    0    0.048654163223    0.0486541806119    0.501645912939    0.745201574415    0.745201574415
  10     1454.18146466             0    0    0   0.0499611187739    0.0499611387273    0.501584944149    0.745137378265    0.745137378265
  11     1410.55697576             0    0    0   0.0513231927466    0.0513232154651    0.501334498231    0.744792865301    0.744792865301
  12     1368.24007412             0    0    0   0.0527275412574    0.0527275669502    0.501305897298    0.744861962587    0.744861962587
  13     1327.19270307             0    0    0   0.0541858599023    0.0541858887981    0.501237045263    0.744693822991    0.744693822991
  14     1287.37339064             0    0    0   0.0557151883173    0.0557152206711    0.501222665375    0.744843016827    0.744843016827
  15     1248.75912045             0    0    0   0.0573143796863    0.0573144157701    0.501169444124    0.744695338951    0.744695338951
  16     1211.30483399             0    0    0   0.0589443524859     0.058944392566    0.501224173132    0.744834031794    0.744834031794
  17       1174.963915             0    0    0   0.0606256762696    0.0606257206431    0.501336509567     0.74496952559     0.74496952559
  18     1139.71952956             0    0    0   0.0623806537288    0.0623807027278    0.501402019656    0.744954425271    0.744954425271
  19     1105.52612906             0    0    0   0.0642035133056     0.064203567282    0.501533010682    0.745251999569    0.745251999569
  20     1072.35941457             0    0    0    0.066050805753    0.0660508650427    0.501678960945    0.745327607911    0.745327607911
  21     1040.18746399             0    0    0   0.0679422579997    0.0679423229749    0.501756782024    0.745425049877    0.745425049877
  22     1008.97983925             0    0    0   0.0699131685998    0.0699132396903    0.501934968996    0.745661726072    0.745661726072
  23     978.712247042             0    0    0   0.0719397751571    0.0719398527953     0.50200877943    0.745555265721    0.745555265721
  24     949.357726311             0    0    0   0.0740401004536    0.0740401851186    0.502309582579    0.745887612404    0.745887612404
  25     920.880295279             0    0    0   0.0762295600937    0.0762296523154    0.502439911338    0.745985007579    0.745985007579
  26     893.253531177             0    0    0   0.0784906021241    0.0784907024455    0.502835359424    0.746414016242    0.746414016242
  27     866.455011829             0    0    0   0.0808289106688    0.0808290196742    0.503141314112    0.746909836651    0.746909836651
  28     840.462764517             0    0    0   0.0832461328828    0.0832462511945    0.503488422751    0.747262624452    0.747262624452
  29     815.250103399             0    0    0    0.085795893824    0.0857960221838    0.503759151921    0.752837240962    0.752837240962
  30     790.797546123             0    0    0    0.088432202384    0.0884323415134    0.504240337439    0.761546539904    0.761546539904
  31      767.07439089             0    0    0   0.0911216402572    0.0911217908698    0.504725617817    0.770871054942    0.770871054942
  32     744.063712474             0    0    0   0.0939329812005    0.0939331441663    0.505392943883    0.781984836135    0.781984836135
  33     721.737835749             0    0    0   0.0968383219789    0.0968384981778    0.506114808042    0.791694177401    0.791694177401
  34      700.08655184             0    0    0   0.0998053361231    0.0998055264234    0.506509079618    0.802155448595    0.802155448595
  35     679.081807359             0    0    0    0.102864022039     0.102864227419    0.507107588752     0.81253519118     0.81253519118
  36     658.708391137             0    0    0    0.106012820608     0.106013042102    0.507589764779    0.822497165617    0.822497165617
  37     638.945509953             0    0    0    0.109282278594     0.109282517361     0.50820046848    0.832344748641    0.832344748641
  38     619.774701904             0    0    0    0.112669753782     0.112670011049    0.508851470253    0.842901391651    0.842901391651
  39     601.179410686             0    0    0    0.116154618435     0.116154895456    0.509379263466    0.854007301732    0.854007301732
  40     583.146570719             0    0    0    0.119716104836     0.119716402882    0.510085209195    0.865099782211    0.865099782211
  41     565.657323209             0    0    0    0.123457104651     0.123457425331     0.51069046837    0.876343219133    0.876343219133
  42     548.692725049             0    0    0    0.127275194956      0.12727553971    0.511108657986     0.88721718819     0.88721718819
  43     532.234852402             0    0    0    0.131222279442     0.131222649936    0.511867153385    0.899566100286    0.899566100286
  44     516.265316526             0    0    0    0.135299544842      0.13529994285    0.512276693974    0.912997563087    0.912997563087
  45     500.781841477             0    0    0    0.139512977961     0.139513405367     0.51287980886      0.9277114072      0.9277114072
  46     485.761853741             0    0    0    0.143883457007     0.143883915881    0.521038817504      0.9427893088      0.9427893088
  47      471.18568015             0    0    0    0.148421136327     0.148421628907    0.534246295298    0.960697847533    0.960697847533
  48     457.053234161             0    0    0    0.153105690508      0.15310621908    0.546240934527    0.977701049087    0.977701049087
  49     443.340069166             0    0    0    0.157976784489     0.157977351635    0.559393586391    0.997384507044    0.997384507044
  50     430.048265774             0    2    2    0.163170110779     0.163170719718      0.5693737898      1.0192164393      1.0192164393
  51     430.048133764             0    3    3    0.163073655331      0.16307426391     0.57341066342     1.02382374807     1.02382374807
  52     430.055523414             0    3    3    0.162980950994     0.162981559214      0.5785114587     1.02715013773     1.02715013773
  53     430.058336858             0    3    3    0.162925166807     0.162925774814    0.580615080765     1.02870895439     1.02870895439
  54     430.052341042             0    3    3    0.162905817166     0.162906425111    0.583615571429      1.0310413725      1.0310413725
  55     430.048766488             0    4    4    0.162868330563     0.162868938375     0.58585771261     1.03243305359     1.03243305359
  56     430.048090667             0    4    4    0.162842498407     0.162843106123    0.588492283105     1.03352657801     1.03352657801
  57     430.043719154             0    4    4    0.162843057758     0.162843665484    0.591462613889     1.03525711938     1.03525711938

Finished at  Wed Jan 10 00:48:00 2018
Total time   6 h 29 min 60 s


---------------------------------------------------
file_name = FEMMeshGmsh.inp
Start at    Tue Apr 28 20:05:49 2026

elset_name              = SolidMaterial001Solid
domain_optimized        = True
domain_density          = [4.43e-09, 0.00443]
domain_thickness        = [1.0, 1.0]
domain_offset           = 0.0
domain_orientation      = []
domain_FI               = [[('stress_von_Mises', 903200000.0)], [('stress_von_Mises', 903.2)]]
domain_material         = ['*ELASTIC \n114000e-6,  0.3', '*ELASTIC \n114000,  0.3']
domain_same_state       = False

elset_name              = SolidMaterialSolid
domain_optimized        = False
domain_density          = [4.43e-09, 0.00443]
domain_thickness        = []
domain_offset           = 0.0
domain_orientation      = []
domain_FI               = [[('stress_von_Mises', 903200000.0)], [('stress_von_Mises', 903.2)]]
domain_material         = ['*ELASTIC \n114000e-6,  0.3', '*ELASTIC \n114000,  0.3']
domain_same_state       = False

mass_goal_ratio         = 0.1
continue_from           = 
filter_list             = [['simple', 4]]
optimization_base       = failure_index
cpu_cores               = 24
FI_violated_tolerance   = 1
decay_coefficient       = -0.2
shells_as_composite     = False
reference_points        = integration points
reference_value         = max
mass_addition_ratio     = 0.03
mass_removal_ratio      = 0.06
ratio_type              = relative
compensate_state_filter = True
sensitivity_averaging   = False
steps_superposition     = []
iterations_limit        = auto
tolerance               = 0.001
save_iteration_results  = 1
save_solver_files       = 
save_resulting_format   = inp vtk

domains: 2
nodes  : 53900
TRIA3  : 0
TRIA6  : 0
QUAD4  : 0
QUAD8  : 0
TETRA4 : 266382
TETRA10: 0
HEXA8  : 0
HEXA20 : 0
PENTA6 : 0
PENTA15: 0

iterations_limit        = 101

domain order: 
0) SolidMaterial001Solid
1) SolidMaterialSolid

   i              mass FI_violated_0)   1) all)          FI_mean    _without_state0         FI_max_0)                1)              all)

ERROR: CalculiX result file not found, check your inputs
