
---------------------------------------------------
file_name = D:\python_project\beso_ai\runs\2e196baf87fd49f4a574395e20fdf008\Analysis-1.inp
Start at    Tue Apr 28 20:15:14 2026

elset_name              = nondesign_space
domain_optimized        = True
domain_density          = [1e-06, 1]
domain_thickness        = [1.0, 1.0]
domain_offset           = 0.0
domain_orientation      = []
domain_FI               = [[('stress_von_Mises', 450000000.0)], [('stress_von_Mises', 450.0)]]
domain_material         = ['*ELASTIC \n210000e-6,  0.3', '*ELASTIC \n210000,  0.3']
domain_same_state       = False

mass_goal_ratio         = 0.5
continue_from           = 
filter_list             = [['simple', 2.0]]
optimization_base       = stiffness
cpu_cores               = 24
FI_violated_tolerance   = 1
decay_coefficient       = -0.2
shells_as_composite     = False
reference_points        = integration points
reference_value         = max
mass_addition_ratio     = 0.01
mass_removal_ratio      = 0.03
ratio_type              = relative
compensate_state_filter = False
sensitivity_averaging   = False
steps_superposition     = []
iterations_limit        = auto
tolerance               = 0.001
displacement_graph      = []
save_iteration_results  = 10
save_solver_files       = 
save_resulting_format   = inp vtk

domains: 1
nodes  : 3689
TRIA3  : 0
TRIA6  : 0
QUAD4  : 0
QUAD8  : 0
TETRA4 : 1467
TETRA10: 0
HEXA8  : 0
HEXA20 : 0
PENTA6 : 0
PENTA15: 0

iterations_limit        = 60

domain order: 
0) nondesign_space

   i              mass    ener_dens_mean FI_violated_0)          FI_mean    _without_state0         FI_max_0)
   0 2550.696761801571  0.0001711672245145355            0 0.010637576826495639 0.010637576826495639 0.09894532064404715
   1 2471.7540158966017  0.00017663395799310977            0 0.010977108986977837 0.010977109337564515 0.09894532064404715
   2 2423.968294190868  0.0001801160965748908            0 0.011193362616180506 0.011193363201385838 0.09894532064404715
   3 2375.959225286709  0.0001837555586464347            0 0.011419350963367627 0.011419351803193225 0.09894532064404715
   4 2327.744141673819  0.00018756173530088592            0 0.01165562670487259 0.011655627821256183 0.09894532064404715
   5 2281.197124567837  0.00019138887608421469            0 0.011893116169484961 0.011893117574534106 0.09894532064404715
   6 2231.804841862366  0.00019562454160955298            0 0.012155821759458573 0.012155823496347787 0.09894532064404715
   7 2185.8246922735816  0.00019973964242864364            0 0.012411042168013975 0.012411044239748247 0.09894532064404715
   8 2143.552355349547  0.00020367868062995617            0 0.012655178848234477 0.01265518125195063 0.09894532064404715
   9 2101.3841046108487  0.00020776592425959494            0 0.012908419490137883 0.012908422250186983 0.09894532064404715
  10 2060.675809860654  0.00021187037106108896            0 0.013162519369818923 0.013162522499820369 0.09894532064404715
  11 2017.4105557748167  0.00021641422781604503            0 0.01344369906353094 0.013443702617268826 0.09894532064404715
  12 1981.8131284281087  0.00022030159297468712            0 0.013684084713982431 0.01368408864203283 0.09894532064404715
  13 1938.8396228173015  0.00022518468992728993            0 0.013985825486312107 0.013985829899951239 0.09894532064404715
  14 1898.8674310093422  0.0002299252301429206            0 0.014278381531431315 0.014278386432816335 0.09894532064404715
  15 1860.656335718684  0.00023464750200875988            0 0.014569271713170667 0.01456927711631796 0.09894532064404715
  16 1820.8048758533557  0.00023978364187617364            0 0.014885715790257643 0.014885721757387093 0.09894532064404715
  17 1781.8294196032834  0.00024502945457050755            0 0.0152082575199324 0.015208264082372747 0.09894532064404715
  18 1746.911805524067  0.0002499280206814727            0 0.015509209846680765 0.015509216982752386 0.09894532064404715
  19 1713.0056820104714  0.0002548767500391612            0 0.0158118330242212 0.015811840756507992 0.09894532064404715
  20 1676.7713478681949  0.0002603861422005356            0 0.016149197864308382 0.016149206281207865 0.09894532064404715
  21 1642.0639099179161  0.00026589238886685283            0 0.016484897176714256 0.016484906298614023 0.09894532064404715
  22 1610.3045000428644  0.00027114122354674847            0 0.016802615840379138 0.016802625652855563 0.09894532064404715
  23 1577.5685612095806  0.0002767709333285253            0 0.017144857895935776 0.017144868471813166 0.09894532064404715
  24 1548.6745256437634  0.00028194159767470895            0 0.01745728040685846 0.017457291702073607 0.09894532064404715
  25 1513.971387676262  0.0002884150992283758            0 0.017846313533096757 0.017846325753775025 0.09894532064404715
  26 1481.9688186975873  0.0002946546557787097            0 0.018220337376747203 0.01822035051644146 0.09894532064404715
  27 1452.7772831674474  0.0003005895887525364            0 0.018573128321402954 0.01857314235785259 0.09894532064404715
  28 1425.4643482933072  0.0003063658464545554            0 0.018916140599214815 0.018916155531256192 0.09894532064404715
  29 1397.0113499895785  0.00031262666385553466            0 0.019288397202049737 0.019288413130898917 0.09894532064404715
  30 1368.8791759796572  0.0003190828350158123            0 0.019662379228427028 0.019662396203912694 0.09894532064404715
  31 1342.4814285690504  0.000325392742063814            0 0.020035041538320825 0.020035059569624553 0.09894532064404715
  32 1316.1219916616933  0.0003319587000908603            0 0.02041656667124471 0.02041658582283331 0.09894532064404715
  33 1290.2403637837822  0.00033869897274301257            0 0.020805097116088835 0.020805117440960346 0.09894532064404715
  34 1274.8309725109934  0.00034285247485547606            0 0.02104311202172085 0.021043133081956305 0.09894532064404715
  35 1275.0483323815947  0.0003427874282025074            0 0.021039791865105826 0.0210398129148421 0.09894532064404715
  36 1271.9212764192896  0.00034366255983370837            0 0.021088482399360065 0.021088503601527912 0.09894532064404715
  37 1274.8904769674125  0.0003428342562048266            0 0.021041985652009727 0.021042006709152846 0.09894532064404715
  38 1274.9812592099013  0.0003428222393238419            0 0.021040901446082966 0.02104092249914368 0.09894532064404715
  39 1273.8259841971096  0.0003431284329624822            0 0.02105852160922208 0.021058542718121586 0.09894532064404715
  40 1271.9212764192896  0.00034366255983370837            0 0.021088482399360065 0.021088503601527912 0.09894532064404715
  41 1273.4183534717813  0.00034324465160864447            0 0.02106530280692841 0.021065323936127825 0.09894532064404715
  42 1272.9857691895922  0.00034336880630598225            0 0.02107170773128293 0.02107172888124956 0.09894532064404715
  43 1274.4828462420842  0.00034295162100140056            0 0.02104853648797726 0.021048557565145145 0.09894532064404715

OSCILLATION: model turns back to 42th iteration.

Finished at  Tue Apr 28 20:19:45 2026
Total time   0 h 4 min 30 s

