
---------------------------------------------------
file_name = D:\python_project\beso_ai\examples\base\beso_output\BESO2_merged_for_beso.inp
Start at    Mon May  4 15:34:05 2026

elset_name              = Eall
domain_optimized        = True
domain_density          = [1e-06, 1]
domain_thickness        = [1.0, 1.0]
domain_offset           = 0.0
domain_orientation      = []
domain_FI               = [[('stress_von_Mises', 450000000.0)], [('stress_von_Mises', 450.0)]]
domain_material         = ['*ELASTIC \n210000e-6,  0.3', '*ELASTIC \n210000,  0.3']
domain_same_state       = False

mass_goal_ratio         = 0.4
continue_from           = 
filter_list             = [['simple', 623.6258825191754]]
optimization_base       = failure_index
cpu_cores               = 24
FI_violated_tolerance   = 1
decay_coefficient       = -0.2
shells_as_composite     = False
reference_points        = integration points
reference_value         = max
mass_addition_ratio     = 0.01
mass_removal_ratio      = 0.03
ratio_type              = relative
compensate_state_filter = False
sensitivity_averaging   = False
steps_superposition     = []
iterations_limit        = 5
tolerance               = 0.001
displacement_graph      = []
save_iteration_results  = 10
save_solver_files       = 
save_resulting_format   = inp vtk

domains: 1
nodes  : 178295
TRIA3  : 0
TRIA6  : 0
QUAD4  : 0
QUAD8  : 0
TETRA4 : 0
TETRA10: 123846
HEXA8  : 0
HEXA20 : 0
PENTA6 : 0
PENTA15: 0

INFO: areas and centres of gravity of TETRA10 elements ignore mid-nodes' positions

domain order: 
0) Eall

   i              mass FI_violated_0)          FI_mean    _without_state0         FI_max_0)
   0 26669003458839.36             0 5.7724463392239734e-11 5.7724463392239734e-11 9.294203429648736e-08
   1 25868874783133.137             0 5.8909619999895e-11 5.890962182198129e-11 5.8149073516280015e-08
   2 25351390441069.914             0 5.999902533333162e-11 5.999902845172375e-11 8.016675796581653e-08
   3 24844444039238.79             0 7.76619320169594e-11 7.766193772040665e-11 5.267715916627341e-08
   4 24347694376071.723             0 7.836688145733328e-11 7.83668889288393e-11 6.906100342938216e-08
   5 23860913023061.082             0 7.919655832249918e-09 7.919656764281935e-09 1.42929923927995e-06

Finished at  Mon May  4 16:19:17 2026
Total time   0 h 45 min 12 s

