
---------------------------------------------------
file_name = 03_for_beso.inp
Start at    Wed May  6 20:14:52 2026

elset_name              = design_space
domain_optimized        = True
domain_density          = [1e-06, 1]
domain_thickness        = [1.0, 1.0]
domain_offset           = 0.0
domain_orientation      = []
domain_FI               = [[('stress_von_Mises', 450000000.0)], [('stress_von_Mises', 450.0)]]
domain_material         = ['*ELASTIC \n210000e-6,  0.3', '*ELASTIC \n210000,  0.3']
domain_same_state       = False

elset_name              = nondesign_space
domain_optimized        = False
domain_density          = [1e-06, 1]
domain_thickness        = [1.0, 1.0]
domain_offset           = 0.0
domain_orientation      = []
domain_FI               = [[('stress_von_Mises', 450000000.0)], [('stress_von_Mises', 450.0)]]
domain_material         = ['*ELASTIC \n210000e-6,  0.3', '*ELASTIC \n210000,  0.3']
domain_same_state       = False

mass_goal_ratio         = 0.35
continue_from           = 
filter_list             = [['simple', 500.0]]
optimization_base       = failure_index
cpu_cores               = 24
FI_violated_tolerance   = 1
decay_coefficient       = -0.2
shells_as_composite     = False
reference_points        = integration points
reference_value         = max
mass_addition_ratio     = 0.01
mass_removal_ratio      = 0.03
ratio_type              = relative
compensate_state_filter = False
sensitivity_averaging   = False
steps_superposition     = []
iterations_limit        = 8
tolerance               = 0.001
displacement_graph      = []
save_iteration_results  = 2
save_solver_files       = 
save_resulting_format   = inp vtk

domains: 2
nodes  : 178295
TRIA3  : 0
TRIA6  : 0
QUAD4  : 0
QUAD8  : 0
TETRA4 : 0
TETRA10: 123846
HEXA8  : 0
HEXA20 : 0
PENTA6 : 0
PENTA15: 0

INFO: areas and centres of gravity of TETRA10 elements ignore mid-nodes' positions

domain order: 
0) design_space
1) nondesign_space

   i              mass FI_violated_0)   1) all)          FI_mean    _without_state0         FI_max_0)                1)              all)

ERROR: simple filter failed due to division by 0.Some element has not a near element in distance <= r_min.
   0 26622115426148.67             0    0    0 3.243908311863304e-05 3.243908311863304e-05 0.2247587213093304 1.1743645270493858e-05 0.2247587213093304

ERROR: simple filter failed due to division by 0.Some element has not a near element in distance <= r_min.
   1 25823291955639.207             0    0    0 3.3406531087787996e-05 3.340653212119411e-05 0.2247587213093304 1.1782492357879519e-05 0.2247587213093304

ERROR: simple filter failed due to division by 0.Some element has not a near element in distance <= r_min.
   2 25306761201478.566             0    0    0 3.405013643439112e-05 3.405013820419617e-05 0.2247587213093304 1.1827967173716504e-05 0.2247587213093304

ERROR: simple filter failed due to division by 0.Some element has not a near element in distance <= r_min.
   3 24800598510948.285             0    0    0 3.470041446699136e-05 3.470041701561758e-05 0.2247587213093304 1.1817041805426243e-05 0.2247587213093304

ERROR: simple filter failed due to division by 0.Some element has not a near element in distance <= r_min.
   4 24304858521921.094             0    0    0 3.535591223355811e-05 3.535591560444071e-05 0.2247587213093304 1.1913513554167276e-05 0.2247587213093304

ERROR: simple filter failed due to division by 0.Some element has not a near element in distance <= r_min.
   5 23818612323423.184             0    0    0 3.602382338817099e-05 3.602382762825885e-05 0.2247587213093304 1.1807411024063618e-05 0.2247587213093304

ERROR: simple filter failed due to division by 0.Some element has not a near element in distance <= r_min.
   6 23342131719184.43             0    0    0 3.6693896867250214e-05 3.669390202339973e-05 0.2247587213093304 1.1652471843540088e-05 0.2247587213093304

ERROR: simple filter failed due to division by 0.Some element has not a near element in distance <= r_min.
   7 22875319632207.47             0    0    0 3.738128665301814e-05 3.7381292775783286e-05 0.22475872107124711 1.1569095625992189e-05 0.22475872107124711
