
---------------------------------------------------
file_name = D:\python_project\beso_ai\runs\c5d94e4a8d8542a88413d91bdfbf857d\Plane_mesh.inp
Start at    Tue Apr 28 18:03:37 2026

elset_name              = SolidMaterialElementGeometry2D
domain_optimized        = True
domain_density          = [1e-06, 1]
domain_thickness        = [1.0, 1.0]
domain_offset           = 0.0
domain_orientation      = []
domain_FI               = [[('stress_von_Mises', 450000000.0)], [('stress_von_Mises', 450.0)]]
domain_material         = ['*ELASTIC \n210000e-6,  0.3', '*ELASTIC \n210000,  0.3']
domain_same_state       = False

mass_goal_ratio         = 0.4
continue_from           = 
filter_list             = [['simple', 2.0]]
optimization_base       = failure_index
cpu_cores               = 24
FI_violated_tolerance   = 1
decay_coefficient       = -0.2
shells_as_composite     = False
reference_points        = integration points
reference_value         = max
mass_addition_ratio     = 0.01
mass_removal_ratio      = 0.03
ratio_type              = relative
compensate_state_filter = False
sensitivity_averaging   = False
steps_superposition     = []
iterations_limit        = auto
tolerance               = 0.001
displacement_graph      = []
save_iteration_results  = 10
save_solver_files       = 
save_resulting_format   = inp vtk

domains: 1
nodes  : 3131
TRIA3  : 0
TRIA6  : 0
QUAD4  : 3000
QUAD8  : 0
TETRA4 : 0
TETRA10: 0
HEXA8  : 0
HEXA20 : 0
PENTA6 : 0
PENTA15: 0

iterations_limit        = 71

domain order: 
0) SolidMaterialElementGeometry2D

   i              mass FI_violated_0)          FI_mean    _without_state0         FI_max_0)
   0 2999.999999999999             0 0.044862498135823846 0.044862498135823846 0.5226172995188745
   1 2909.0000909999885             0 0.04622684864476714 0.046226850090845775 0.5226102173354472
   2 2851.000148999994             0 0.047220683158461195 0.04722068562632565 0.5226154059077289
   3 2794.0002059999965             0 0.04823257700010629 0.04823258055626618 0.5226045268223042
   4 2738.0002619999964             0 0.049294410145156606 0.049294414862152705 0.5226025600417359
   5 2683.0003169999936             0 0.05044205191852072 0.050442057878315794 0.5226116833189337
   6 2629.0003709999537             0 0.05146139617190628 0.05146140343405067 0.5226296498518871
   7 2577.0004229997876             0 0.05259711990969958 0.05259712854321976 0.5226541945965236
   8 2525.000474998985             0 0.0536791243955133 0.05367913449356629 0.5226432439478826
   9 2475.0005249987244             0 0.05495190100364701 0.05495191266011075 0.5226487427826606
  10 2425.0005749983916             0 0.05606134715037454 0.056061360443271084 0.522650907373124
  11  2377.00062299507             0 0.05726406843442465 0.05726408344305494 0.5226493693255551
  12  2329.00067098768             0 0.05840935376466671 0.05840937059277997 0.5226276433210706
  13  2283.00071697679             0 0.05966566078491153 0.059665679523535534 0.5226448238055198
  14 2237.0007628410767             0  0.06080272716807 0.060802747906774014 0.5226113459603435
  15 2192.000807701116             0 0.06207720741426851 0.06207723029674297 0.5226267688677777
  16  2148.00085160344             0 0.06329248698590734  0.063292512090749 0.5226152542503155
  17 2105.000894251025             0 0.06443229560162123 0.06443232299682614 0.5226131647889555
  18 2063.0009362582455             0 0.06569869127002001 0.06569872110990206 0.5226381591703788
  19 2022.0009772516248             0 0.06708371281844513 0.06708374526546566 0.5226171985985518
  20 1982.0010172504947             0 0.068421111036456 0.06842114617908779 0.5226461151851923
  21 1942.0010548133223             0 0.06960604098181224 0.06960607890312896 0.5226422614904853
  22 1903.0010937843558             0 0.07105229548239811 0.0710523364410813 0.5226424917385564
  23 1865.0011317819508             0 0.07241801255011339 0.07241805662220492 0.5226415016558131
  24 1828.001168775177             0 0.07409766026165307 0.07409770776847181 0.5226417271682828
  25 1792.001204775105             0 0.07562127194354576 0.07562132292038938 0.5226514189423337
  26 1756.0012405703826             0 0.07791551383575954 0.07791556903331474 0.5225211039081504
  27 1721.001274494886             0 0.07872954430091188 0.07872960281055472 0.5226742524504926
  28 1687.0012871344193             0 0.08029249880331682 0.08029256129535146 0.5227299898732591
